D:\PROJECT\X-ENGINE\X-ENGINE\RELEASE\TEST.OBJ
D:\PROJECT\X-ENGINE\X-ENGINE\RELEASE\SCENEMANAGER.OBJ
D:\PROJECT\X-ENGINE\X-ENGINE\RELEASE\MESSAGE.OBJ
D:\PROJECT\X-ENGINE\X-ENGINE\RELEASE\LOGGER.OBJ
D:\PROJECT\X-ENGINE\X-ENGINE\RELEASE\CONSOLELOGGER.OBJ
D:\PROJECT\X-ENGINE\X-ENGINE\RELEASE\FILELOGGER.OBJ
D:\PROJECT\X-ENGINE\X-ENGINE\RELEASE\VC110.PDB
D:\PROJECT\X-ENGINE\RELEASE\X-ENGINE.EXE
D:\PROJECT\X-ENGINE\RELEASE\X-ENGINE.PDB
D:\Project\X-engine\X-engine\Release\consoleLogger.obj
D:\Project\X-engine\X-engine\Release\fileLogger.obj
D:\Project\X-engine\X-engine\Release\Logger.obj
D:\Project\X-engine\X-engine\Release\Message.obj
D:\Project\X-engine\X-engine\Release\SceneManager.obj
D:\Project\X-engine\X-engine\Release\test.obj
D:\Project\X-engine\X-engine\Release\cl.command.1.tlog
D:\Project\X-engine\X-engine\Release\CL.read.1.tlog
D:\Project\X-engine\X-engine\Release\CL.write.1.tlog
D:\Project\X-engine\X-engine\Release\link-cvtres.read.1.tlog
D:\Project\X-engine\X-engine\Release\link-cvtres.write.1.tlog
D:\Project\X-engine\X-engine\Release\link-rc.read.1.tlog
D:\Project\X-engine\X-engine\Release\link-rc.write.1.tlog
D:\Project\X-engine\X-engine\Release\link.command.1.tlog
D:\Project\X-engine\X-engine\Release\link.read.1.tlog
D:\Project\X-engine\X-engine\Release\link.read.3.tlog
D:\Project\X-engine\X-engine\Release\link.read.5.tlog
D:\Project\X-engine\X-engine\Release\link.write.1.tlog
D:\Project\X-engine\X-engine\Release\vc110.pdb
D:\Project\X-engine\Release\X-engine.pdb
D:\Project\X-engine\Release\X-engine.exe
