D:\PROJECT\X-ENGINE\X-ENGINE\DEBUG\SCENEMANAGER.OBJ
D:\PROJECT\X-ENGINE\X-ENGINE\DEBUG\TEST.OBJ
D:\PROJECT\X-ENGINE\X-ENGINE\DEBUG\VC110.PDB
D:\PROJECT\X-ENGINE\X-ENGINE\DEBUG\X-ENGINE.RES
D:\Project\X-engine\X-engine\Debug\SceneManager.obj
D:\Project\X-engine\X-engine\Debug\test.obj
D:\Project\X-engine\X-engine\Debug\cl.command.1.tlog
D:\Project\X-engine\X-engine\Debug\CL.read.1.tlog
D:\Project\X-engine\X-engine\Debug\CL.write.1.tlog
D:\Project\X-engine\X-engine\Debug\link-cvtres.read.1.tlog
D:\Project\X-engine\X-engine\Debug\link-cvtres.write.1.tlog
D:\Project\X-engine\X-engine\Debug\link-rc.read.1.tlog
D:\Project\X-engine\X-engine\Debug\link-rc.write.1.tlog
D:\Project\X-engine\X-engine\Debug\link.command.1.tlog
D:\Project\X-engine\X-engine\Debug\link.read.1.tlog
D:\Project\X-engine\X-engine\Debug\link.write.1.tlog
D:\Project\X-engine\X-engine\Debug\rc.command.1.tlog
D:\Project\X-engine\X-engine\Debug\rc.read.1.tlog
D:\Project\X-engine\X-engine\Debug\rc.write.1.tlog
D:\Project\X-engine\X-engine\Debug\X-engine.res
D:\Project\X-engine\X-engine\Debug\vc110.idb
D:\Project\X-engine\X-engine\Debug\vc110.pdb
D:\Project\X-engine\Debug\X-engine.pdb
